<?xml version="1.0" encoding="UTF-8"?>
<coverage generated="1490045956">
  <project timestamp="1490045956">
    <package name="RomanNumberConverter\Builder">
      <file name="C:\workspace\php\RomanNumberConverter\src/Builder/RomanNumberBuilder.php">
        <class name="RomanNumberBuilder" namespace="RomanNumberConverter\Builder">
          <metrics complexity="10" methods="1" coveredmethods="1" conditionals="0" coveredconditionals="0" statements="21" coveredstatements="21" elements="22" coveredelements="22"/>
        </class>
        <line num="27" type="method" name="create" visibility="public" complexity="10" crap="10" count="28"/>
        <line num="31" type="stmt" count="28"/>
        <line num="32" type="stmt" count="9"/>
        <line num="35" type="stmt" count="23"/>
        <line num="36" type="stmt" count="5"/>
        <line num="39" type="stmt" count="19"/>
        <line num="40" type="stmt" count="4"/>
        <line num="42" type="stmt" count="16"/>
        <line num="43" type="stmt" count="3"/>
        <line num="46" type="stmt" count="14"/>
        <line num="47" type="stmt" count="3"/>
        <line num="50" type="stmt" count="11"/>
        <line num="51" type="stmt" count="2"/>
        <line num="54" type="stmt" count="10"/>
        <line num="55" type="stmt" count="2"/>
        <line num="58" type="stmt" count="8"/>
        <line num="59" type="stmt" count="2"/>
        <line num="62" type="stmt" count="6"/>
        <line num="63" type="stmt" count="5"/>
        <line num="66" type="stmt" count="1"/>
        <line num="67" type="stmt" count="1"/>
        <line num="69" type="stmt" count="1"/>
        <metrics loc="73" ncloc="67" classes="1" methods="1" coveredmethods="1" conditionals="0" coveredconditionals="0" statements="21" coveredstatements="21" elements="22" coveredelements="22"/>
      </file>
    </package>
    <package name="RomanNumberConverter\Container">
      <file name="C:\workspace\php\RomanNumberConverter\src/Container/RomanNumberContainer.php">
        <class name="RomanNumberContainer" namespace="RomanNumberConverter\Container">
          <metrics complexity="3" methods="2" coveredmethods="2" conditionals="0" coveredconditionals="0" statements="7" coveredstatements="7" elements="9" coveredelements="9"/>
        </class>
        <line num="14" type="method" name="add" visibility="public" complexity="1" crap="1" count="19"/>
        <line num="16" type="stmt" count="19"/>
        <line num="17" type="stmt" count="19"/>
        <line num="19" type="method" name="__toString" visibility="public" complexity="2" crap="2" count="19"/>
        <line num="21" type="stmt" count="19"/>
        <line num="23" type="stmt" count="19"/>
        <line num="25" type="stmt" count="19"/>
        <line num="26" type="stmt" count="19"/>
        <line num="28" type="stmt" count="19"/>
        <metrics loc="30" ncloc="27" classes="1" methods="2" coveredmethods="2" conditionals="0" coveredconditionals="0" statements="7" coveredstatements="7" elements="9" coveredelements="9"/>
      </file>
    </package>
    <package name="RomanNumberConverter\Entity">
      <file name="C:\workspace\php\RomanNumberConverter\src/Entity/RomanGreatness.php">
        <class name="RomanGreatness" namespace="RomanNumberConverter\Entity">
          <metrics complexity="4" methods="4" coveredmethods="4" conditionals="0" coveredconditionals="0" statements="7" coveredstatements="7" elements="11" coveredelements="11"/>
        </class>
        <line num="37" type="method" name="__construct" visibility="public" complexity="1" crap="1" count="24"/>
        <line num="39" type="stmt" count="24"/>
        <line num="40" type="stmt" count="24"/>
        <line num="41" type="stmt" count="24"/>
        <line num="42" type="stmt" count="24"/>
        <line num="47" type="method" name="getSmallLetter" visibility="public" complexity="1" crap="1" count="21"/>
        <line num="49" type="stmt" count="21"/>
        <line num="55" type="method" name="getBigLetter" visibility="public" complexity="1" crap="1" count="10"/>
        <line num="57" type="stmt" count="10"/>
        <line num="63" type="method" name="getNextLetter" visibility="public" complexity="1" crap="1" count="8"/>
        <line num="65" type="stmt" count="8"/>
        <metrics loc="67" ncloc="41" classes="1" methods="4" coveredmethods="4" conditionals="0" coveredconditionals="0" statements="7" coveredstatements="7" elements="11" coveredelements="11"/>
      </file>
      <file name="C:\workspace\php\RomanNumberConverter\src/Entity/RomanNumberAbstract.php">
        <class name="RomanNumberAbstract" namespace="RomanNumberConverter\Entity">
          <metrics complexity="1" methods="1" coveredmethods="1" conditionals="0" coveredconditionals="0" statements="2" coveredstatements="2" elements="3" coveredelements="3"/>
        </class>
        <line num="17" type="method" name="__construct" visibility="public" complexity="1" crap="1" count="27"/>
        <line num="19" type="stmt" count="27"/>
        <line num="20" type="stmt" count="27"/>
        <metrics loc="21" ncloc="13" classes="1" methods="1" coveredmethods="1" conditionals="0" coveredconditionals="0" statements="2" coveredstatements="2" elements="3" coveredelements="3"/>
      </file>
      <file name="C:\workspace\php\RomanNumberConverter\src/Entity/RomanNumberEight.php">
        <class name="RomanNumberEight" namespace="RomanNumberConverter\Entity">
          <metrics complexity="1" methods="1" coveredmethods="1" conditionals="0" coveredconditionals="0" statements="1" coveredstatements="1" elements="2" coveredelements="2"/>
        </class>
        <line num="7" type="method" name="__toString" visibility="public" complexity="1" crap="1" count="1"/>
        <line num="9" type="stmt" count="1"/>
        <metrics loc="11" ncloc="11" classes="1" methods="1" coveredmethods="1" conditionals="0" coveredconditionals="0" statements="1" coveredstatements="1" elements="2" coveredelements="2"/>
      </file>
      <file name="C:\workspace\php\RomanNumberConverter\src/Entity/RomanNumberFive.php">
        <class name="RomanNumberFive" namespace="RomanNumberConverter\Entity">
          <metrics complexity="1" methods="1" coveredmethods="1" conditionals="0" coveredconditionals="0" statements="1" coveredstatements="1" elements="2" coveredelements="2"/>
        </class>
        <line num="7" type="method" name="__toString" visibility="public" complexity="1" crap="1" count="2"/>
        <line num="9" type="stmt" count="2"/>
        <metrics loc="11" ncloc="11" classes="1" methods="1" coveredmethods="1" conditionals="0" coveredconditionals="0" statements="1" coveredstatements="1" elements="2" coveredelements="2"/>
      </file>
      <file name="C:\workspace\php\RomanNumberConverter\src/Entity/RomanNumberFour.php">
        <class name="RomanNumberFour" namespace="RomanNumberConverter\Entity">
          <metrics complexity="1" methods="1" coveredmethods="1" conditionals="0" coveredconditionals="0" statements="1" coveredstatements="1" elements="2" coveredelements="2"/>
        </class>
        <line num="7" type="method" name="__toString" visibility="public" complexity="1" crap="1" count="2"/>
        <line num="9" type="stmt" count="2"/>
        <metrics loc="11" ncloc="11" classes="1" methods="1" coveredmethods="1" conditionals="0" coveredconditionals="0" statements="1" coveredstatements="1" elements="2" coveredelements="2"/>
      </file>
      <file name="C:\workspace\php\RomanNumberConverter\src/Entity/RomanNumberNine.php">
        <class name="RomanNumberNine" namespace="RomanNumberConverter\Entity">
          <metrics complexity="1" methods="1" coveredmethods="1" conditionals="0" coveredconditionals="0" statements="1" coveredstatements="1" elements="2" coveredelements="2"/>
        </class>
        <line num="7" type="method" name="__toString" visibility="public" complexity="1" crap="1" count="4"/>
        <line num="9" type="stmt" count="4"/>
        <metrics loc="11" ncloc="11" classes="1" methods="1" coveredmethods="1" conditionals="0" coveredconditionals="0" statements="1" coveredstatements="1" elements="2" coveredelements="2"/>
      </file>
      <file name="C:\workspace\php\RomanNumberConverter\src/Entity/RomanNumberOne.php">
        <class name="RomanNumberOne" namespace="RomanNumberConverter\Entity">
          <metrics complexity="1" methods="1" coveredmethods="1" conditionals="0" coveredconditionals="0" statements="1" coveredstatements="1" elements="2" coveredelements="2"/>
        </class>
        <line num="7" type="method" name="__toString" visibility="public" complexity="1" crap="1" count="8"/>
        <line num="9" type="stmt" count="8"/>
        <metrics loc="11" ncloc="11" classes="1" methods="1" coveredmethods="1" conditionals="0" coveredconditionals="0" statements="1" coveredstatements="1" elements="2" coveredelements="2"/>
      </file>
      <file name="C:\workspace\php\RomanNumberConverter\src/Entity/RomanNumberSeven.php">
        <class name="RomanNumberSeven" namespace="RomanNumberConverter\Entity">
          <metrics complexity="1" methods="1" coveredmethods="1" conditionals="0" coveredconditionals="0" statements="1" coveredstatements="1" elements="2" coveredelements="2"/>
        </class>
        <line num="7" type="method" name="__toString" visibility="public" complexity="1" crap="1" count="1"/>
        <line num="9" type="stmt" count="1"/>
        <metrics loc="11" ncloc="11" classes="1" methods="1" coveredmethods="1" conditionals="0" coveredconditionals="0" statements="1" coveredstatements="1" elements="2" coveredelements="2"/>
      </file>
      <file name="C:\workspace\php\RomanNumberConverter\src/Entity/RomanNumberSix.php">
        <class name="RomanNumberSix" namespace="RomanNumberConverter\Entity">
          <metrics complexity="1" methods="1" coveredmethods="1" conditionals="0" coveredconditionals="0" statements="1" coveredstatements="1" elements="2" coveredelements="2"/>
        </class>
        <line num="7" type="method" name="__toString" visibility="public" complexity="1" crap="1" count="1"/>
        <line num="9" type="stmt" count="1"/>
        <metrics loc="11" ncloc="11" classes="1" methods="1" coveredmethods="1" conditionals="0" coveredconditionals="0" statements="1" coveredstatements="1" elements="2" coveredelements="2"/>
      </file>
      <file name="C:\workspace\php\RomanNumberConverter\src/Entity/RomanNumberThree.php">
        <class name="RomanNumberThree" namespace="RomanNumberConverter\Entity">
          <metrics complexity="1" methods="1" coveredmethods="1" conditionals="0" coveredconditionals="0" statements="1" coveredstatements="1" elements="2" coveredelements="2"/>
        </class>
        <line num="7" type="method" name="__toString" visibility="public" complexity="1" crap="1" count="3"/>
        <line num="9" type="stmt" count="3"/>
        <metrics loc="11" ncloc="11" classes="1" methods="1" coveredmethods="1" conditionals="0" coveredconditionals="0" statements="1" coveredstatements="1" elements="2" coveredelements="2"/>
      </file>
      <file name="C:\workspace\php\RomanNumberConverter\src/Entity/RomanNumberTwo.php">
        <class name="RomanNumberTwo" namespace="RomanNumberConverter\Entity">
          <metrics complexity="1" methods="1" coveredmethods="1" conditionals="0" coveredconditionals="0" statements="1" coveredstatements="1" elements="2" coveredelements="2"/>
        </class>
        <line num="7" type="method" name="__toString" visibility="public" complexity="1" crap="1" count="4"/>
        <line num="9" type="stmt" count="4"/>
        <metrics loc="11" ncloc="11" classes="1" methods="1" coveredmethods="1" conditionals="0" coveredconditionals="0" statements="1" coveredstatements="1" elements="2" coveredelements="2"/>
      </file>
    </package>
    <package name="RomanNumberConverter\Model">
      <file name="C:\workspace\php\RomanNumberConverter\src/Model/RomanNumberConverter.php">
        <class name="RomanNumberConverter" namespace="RomanNumberConverter\Model">
          <metrics complexity="8" methods="2" coveredmethods="2" conditionals="0" coveredconditionals="0" statements="26" coveredstatements="26" elements="28" coveredelements="28"/>
        </class>
        <line num="35" type="method" name="__construct" visibility="public" complexity="1" crap="1" count="23"/>
        <line num="36" type="stmt" count="1"/>
        <line num="39" type="stmt" count="23"/>
        <line num="40" type="stmt" count="23"/>
        <line num="41" type="stmt" count="23"/>
        <line num="50" type="method" name="convert" visibility="public" complexity="7" crap="7" count="23"/>
        <line num="51" type="stmt" count="1"/>
        <line num="53" type="stmt" count="23"/>
        <line num="54" type="stmt" count="21"/>
        <line num="55" type="stmt" count="21"/>
        <line num="56" type="stmt" count="20"/>
        <line num="57" type="stmt" count="23"/>
        <line num="58" type="stmt" count="4"/>
        <line num="59" type="stmt" count="1"/>
        <line num="61" type="stmt" count="19"/>
        <line num="63" type="stmt" count="19"/>
        <line num="64" type="stmt" count="19"/>
        <line num="66" type="stmt" count="19"/>
        <line num="67" type="stmt" count="19"/>
        <line num="68" type="stmt" count="19"/>
        <line num="70" type="stmt" count="19"/>
        <line num="71" type="stmt" count="19"/>
        <line num="72" type="stmt" count="19"/>
        <line num="74" type="stmt" count="19"/>
        <line num="75" type="stmt" count="19"/>
        <line num="76" type="stmt" count="19"/>
        <line num="77" type="stmt" count="19"/>
        <line num="79" type="stmt" count="19"/>
        <metrics loc="81" ncloc="59" classes="1" methods="2" coveredmethods="2" conditionals="0" coveredconditionals="0" statements="26" coveredstatements="26" elements="28" coveredelements="28"/>
      </file>
    </package>
    <metrics files="14" loc="371" ncloc="306" classes="14" methods="19" coveredmethods="19" conditionals="0" coveredconditionals="0" statements="72" coveredstatements="72" elements="91" coveredelements="91"/>
  </project>
</coverage>
